Sencha Cmd 6.0.2.14 - Crash report
================================================
An error occurred while executing the following command: build

Diagnostic information:
=======================
                    buildenvironment.dir : /home/radoslav/work/dev/riznica-web/src/main/webapp/senchaWorkspace
               buildenvironment.load.dir : /home/radoslav/work/dev/riznica-web/src/main/webapp/senchaWorkspace
                          cmd.config.dir : /home/radoslav/bin/Sencha/Cmd/6.0.2.14            
                                 cmd.dir : /home/radoslav/bin/Sencha/Cmd/6.0.2.14            
                            cmd.jvm.args : -Xms128m -Xmx1024m -Dapple.awt.UIElement=true     
              cmd.merge.tool.args.araxis : -wait -merge -3 -a1 {base} {user} {generated} {out}
              cmd.merge.tool.args.kdiff3 : {base} {user} {generated} -o {out}                
             cmd.merge.tool.args.p4merge : {base} {user} {generated} {out}                   
           cmd.merge.tool.args.smartsync : {user} {generated} {base}                         
          cmd.merge.tool.args.sourcegear : --merge --result={out} {user} {base} {generated}  
            cmd.merge.tool.args.tortoise : -base:{base} -theirs:{generated} -mine:{user} -merged:{out}
                              cmd.minver : 3.0.0.0                                           
                            cmd.platform : linux-x64                                         
                         cmd.server.port : 1841                                              
                     cmd.unicode.escapes : /home/radoslav/bin/Sencha/Cmd/6.0.2.14/unicode-escapes.json
                             cmd.version : 6.0.2.14                                          
                            cmd.web.port : 1841                                              
                                 ext.dir : /home/radoslav/work/dev/riznica-web/src/main/webapp/senchaWorkspace/ext
                       inspector.address : http://localhost:1839/                            
                          repo.local.dir : /home/radoslav/bin/Sencha/Cmd/repo                
        system.java.net.useSystemProxies : true                                              
                          workspace.apps : extApps/riznica                                   
                        workspace.apps.0 : extApps/riznica                                   
                   workspace.apps.length : 1                                                 
                     workspace.build.dir : /home/radoslav/work/dev/riznica-web/src/main/webapp/senchaWorkspace/build
                   workspace.cmd.version : 6.0.2.14                                          
                    workspace.config.dir : /home/radoslav/work/dev/riznica-web/src/main/webapp/senchaWorkspace/.sencha/workspace
                           workspace.dir : /home/radoslav/work/dev/riznica-web/src/main/webapp/senchaWorkspace
                  workspace.packages.dir : /home/radoslav/work/dev/riznica-web/src/main/webapp/senchaWorkspace/packages/local,/home/radoslav/work/dev/riznica-web/src/main/webapp/senchaWorkspace/packages
              workspace.packages.extract : /home/radoslav/work/dev/riznica-web/src/main/webapp/senchaWorkspace/packages/remote
                     workspace.theme.dir : /home/radoslav/work/dev/riznica-web/src/main/webapp/senchaWorkspace/packages/local,/home/radoslav/work/dev/riznica-web/src/main/webapp/senchaWorkspace/packages/${args.themeName}

Exception information:
=======================
java.lang.NullPointerException
     at java.io.File.<init>(File.java:277)
     at com.sencha.util.FileUtil.readFile(FileUtil.java:157)
     at com.sencha.tools.compiler.jsb.projects.JsbBuilder.processBuild(JsbBuilder.java:29)
     at com.sencha.command.build.JsbCommand.execute(JsbCommand.java:15)
     at sun.reflect.NativeMethodAccessorImpl.invoke0(Native Method)
     at sun.reflect.NativeMethodAccessorImpl.invoke(NativeMethodAccessorImpl.java:62)
     at sun.reflect.DelegatingMethodAccessorImpl.invoke(DelegatingMethodAccessorImpl.java:43)
     at java.lang.reflect.Method.invoke(Method.java:498)
     at com.sencha.util.MethodInvoker$Arguments.invoke(MethodInvoker.java:175)
     at com.sencha.cli.Command.dispatch(Command.java:43)
     at com.sencha.cli.Commands.dispatch(Commands.java:64)
     at com.sencha.command.Sencha.dispatch(Sencha.java:74)
     at com.sencha.command.Sencha.main(Sencha.java:142)
     at sun.reflect.NativeMethodAccessorImpl.invoke0(Native Method)
     at sun.reflect.NativeMethodAccessorImpl.invoke(NativeMethodAccessorImpl.java:62)
     at sun.reflect.DelegatingMethodAccessorImpl.invoke(DelegatingMethodAccessorImpl.java:43)
     at java.lang.reflect.Method.invoke(Method.java:498)
     at com.exe4j.runtime.LauncherEngine.launch(Unknown Source)
     at com.install4j.runtime.launcher.UnixLauncher.main(Unknown Source)

